This file contains any messages produced by compilers while
running configure, to aid debugging if configure makes a mistake.

It was created by SUNDIALS configure 2.5.0, which was
generated by GNU Autoconf 2.59.  Invocation command line was

  $ ./configure --prefix=/home/ericmjalbert/Documents/research/numerAnalysis/FindC/cvodeInstallDir --enable-examples

## --------- ##
## Platform. ##
## --------- ##

hostname = thinkpad
uname -m = x86_64
uname -r = 3.0.0-12-generic
uname -s = Linux
uname -v = #20-Ubuntu SMP Fri Oct 7 14:56:25 UTC 2011

/usr/bin/uname -p = unknown
/bin/uname -X     = unknown

/bin/arch              = unknown
/usr/bin/arch -k       = unknown
/usr/convex/getsysinfo = unknown
hostinfo               = unknown
/bin/machine           = unknown
/usr/bin/oslevel       = unknown
/bin/universe          = unknown

PATH: /usr/lib/lightdm/lightdm
PATH: /usr/local/sbin
PATH: /usr/local/bin
PATH: /usr/sbin
PATH: /usr/bin
PATH: /sbin
PATH: /bin
PATH: /usr/games


## ----------- ##
## Core tests. ##
## ----------- ##

configure:1826: checking build system type
configure:1844: result: x86_64-unknown-linux-gnu
configure:1854: checking host system type
configure:1868: result: x86_64-unknown-linux-gnu
configure:1880: checking whether make sets $(MAKE)
configure:1900: result: yes
configure:1925: checking for a BSD-compatible install
configure:1980: result: /usr/bin/install -c
configure:2283: checking for cc
configure:2299: found /usr/bin/cc
configure:2309: result: cc
configure:2330: checking for C compiler version
configure:2333: cc --version </dev/null >&5
cc (Ubuntu/Linaro 4.6.1-9ubuntu3) 4.6.1
Copyright (C) 2011 Free Software Foundation, Inc.
This is free software; see the source for copying conditions.  There is NO
warranty; not even for MERCHANTABILITY or FITNESS FOR A PARTICULAR PURPOSE.

configure:2336: $? = 0
configure:2338: cc -v </dev/null >&5
Using built-in specs.
COLLECT_GCC=cc
COLLECT_LTO_WRAPPER=/usr/lib/gcc/x86_64-linux-gnu/4.6.1/lto-wrapper
Target: x86_64-linux-gnu
Configured with: ../src/configure -v --with-pkgversion='Ubuntu/Linaro 4.6.1-9ubuntu3' --with-bugurl=file:///usr/share/doc/gcc-4.6/README.Bugs --enable-languages=c,c++,fortran,objc,obj-c++,go --prefix=/usr --program-suffix=-4.6 --enable-shared --enable-linker-build-id --with-system-zlib --libexecdir=/usr/lib --without-included-gettext --enable-threads=posix --with-gxx-include-dir=/usr/include/c++/4.6 --libdir=/usr/lib --enable-nls --with-sysroot=/ --enable-clocale=gnu --enable-libstdcxx-debug --enable-libstdcxx-time=yes --enable-plugin --enable-objc-gc --disable-werror --with-arch-32=i686 --with-tune=generic --enable-checking=release --build=x86_64-linux-gnu --host=x86_64-linux-gnu --target=x86_64-linux-gnu
Thread model: posix
gcc version 4.6.1 (Ubuntu/Linaro 4.6.1-9ubuntu3) 
configure:2341: $? = 0
configure:2343: cc -V </dev/null >&5
cc: error: unrecognized option '-V'
cc: fatal error: no input files
compilation terminated.
configure:2346: $? = 4
configure:2369: checking for C compiler default output file name
configure:2372: cc    conftest.c  >&5
configure:2375: $? = 0
configure:2421: result: a.out
configure:2426: checking whether the C compiler works
configure:2432: ./a.out
configure:2435: $? = 0
configure:2452: result: yes
configure:2459: checking whether we are cross compiling
configure:2461: result: no
configure:2464: checking for suffix of executables
configure:2466: cc -o conftest    conftest.c  >&5
configure:2469: $? = 0
configure:2494: result: 
configure:2500: checking for suffix of object files
configure:2521: cc -c   conftest.c >&5
configure:2524: $? = 0
configure:2546: result: o
configure:2550: checking whether we are using the GNU C compiler
configure:2574: cc -c   conftest.c >&5
configure:2580: $? = 0
configure:2584: test -z 
			 || test ! -s conftest.err
configure:2587: $? = 0
configure:2590: test -s conftest.o
configure:2593: $? = 0
configure:2606: result: yes
configure:2612: checking whether cc accepts -g
configure:2633: cc -c -g  conftest.c >&5
configure:2639: $? = 0
configure:2643: test -z 
			 || test ! -s conftest.err
configure:2646: $? = 0
configure:2649: test -s conftest.o
configure:2652: $? = 0
configure:2663: result: yes
configure:2680: checking for cc option to accept ANSI C
configure:2750: cc  -c -g -O2  conftest.c >&5
configure:2756: $? = 0
configure:2760: test -z 
			 || test ! -s conftest.err
configure:2763: $? = 0
configure:2766: test -s conftest.o
configure:2769: $? = 0
configure:2787: result: none needed
configure:2805: cc -c -g -O2  conftest.c >&5
conftest.c:2:3: error: unknown type name 'choke'
conftest.c:2:3: error: expected '=', ',', ';', 'asm' or '__attribute__' at end of input
configure:2811: $? = 1
configure: failed program was:
| #ifndef __cplusplus
|   choke me
| #endif
configure:2947: checking for egrep
configure:2957: result: grep -E
configure:2976: checking for sys/types.h
configure:2992: cc -c -g -O2  conftest.c >&5
configure:2998: $? = 0
configure:3002: test -z 
			 || test ! -s conftest.err
configure:3005: $? = 0
configure:3008: test -s conftest.o
configure:3011: $? = 0
configure:3022: result: yes
configure:2976: checking for sys/stat.h
configure:2992: cc -c -g -O2  conftest.c >&5
configure:2998: $? = 0
configure:3002: test -z 
			 || test ! -s conftest.err
configure:3005: $? = 0
configure:3008: test -s conftest.o
configure:3011: $? = 0
configure:3022: result: yes
configure:2976: checking for stdlib.h
configure:2992: cc -c -g -O2  conftest.c >&5
configure:2998: $? = 0
configure:3002: test -z 
			 || test ! -s conftest.err
configure:3005: $? = 0
configure:3008: test -s conftest.o
configure:3011: $? = 0
configure:3022: result: yes
configure:2976: checking for string.h
configure:2992: cc -c -g -O2  conftest.c >&5
configure:2998: $? = 0
configure:3002: test -z 
			 || test ! -s conftest.err
configure:3005: $? = 0
configure:3008: test -s conftest.o
configure:3011: $? = 0
configure:3022: result: yes
configure:2976: checking for memory.h
configure:2992: cc -c -g -O2  conftest.c >&5
configure:2998: $? = 0
configure:3002: test -z 
			 || test ! -s conftest.err
configure:3005: $? = 0
configure:3008: test -s conftest.o
configure:3011: $? = 0
configure:3022: result: yes
configure:2976: checking for strings.h
configure:2992: cc -c -g -O2  conftest.c >&5
configure:2998: $? = 0
configure:3002: test -z 
			 || test ! -s conftest.err
configure:3005: $? = 0
configure:3008: test -s conftest.o
configure:3011: $? = 0
configure:3022: result: yes
configure:2976: checking for inttypes.h
configure:2992: cc -c -g -O2  conftest.c >&5
configure:2998: $? = 0
configure:3002: test -z 
			 || test ! -s conftest.err
configure:3005: $? = 0
configure:3008: test -s conftest.o
configure:3011: $? = 0
configure:3022: result: yes
configure:2976: checking for stdint.h
configure:2992: cc -c -g -O2  conftest.c >&5
configure:2998: $? = 0
configure:3002: test -z 
			 || test ! -s conftest.err
configure:3005: $? = 0
configure:3008: test -s conftest.o
configure:3011: $? = 0
configure:3022: result: yes
configure:2976: checking for unistd.h
configure:2992: cc -c -g -O2  conftest.c >&5
configure:2998: $? = 0
configure:3002: test -z 
			 || test ! -s conftest.err
configure:3005: $? = 0
configure:3008: test -s conftest.o
configure:3011: $? = 0
configure:3022: result: yes
configure:3081: checking floating-point data type to use
configure:3124: result: double
configure:3143: checking for C compiler flags
configure:3156: result: none
configure:3168: checking how to run the C preprocessor
configure:3203: cc -E  conftest.c
configure:3209: $? = 0
configure:3241: cc -E  conftest.c
conftest.c:19:28: fatal error: ac_nonexistent.h: No such file or directory
compilation terminated.
configure:3247: $? = 1
configure: failed program was:
| /* confdefs.h.  */
| 
| #define PACKAGE_NAME "SUNDIALS"
| #define PACKAGE_TARNAME "sundials"
| #define PACKAGE_VERSION "2.5.0"
| #define PACKAGE_STRING "SUNDIALS 2.5.0"
| #define PACKAGE_BUGREPORT "radu@llnl.gov"
| #define HAVE_SYS_TYPES_H 1
| #define HAVE_SYS_STAT_H 1
| #define HAVE_STDLIB_H 1
| #define HAVE_STRING_H 1
| #define HAVE_MEMORY_H 1
| #define HAVE_STRINGS_H 1
| #define HAVE_INTTYPES_H 1
| #define HAVE_STDINT_H 1
| #define HAVE_UNISTD_H 1
| #define SUNDIALS_DOUBLE_PRECISION 1
| /* end confdefs.h.  */
| #include <ac_nonexistent.h>
configure:3286: result: cc -E
configure:3310: cc -E  conftest.c
configure:3316: $? = 0
configure:3348: cc -E  conftest.c
conftest.c:19:28: fatal error: ac_nonexistent.h: No such file or directory
compilation terminated.
configure:3354: $? = 1
configure: failed program was:
| /* confdefs.h.  */
| 
| #define PACKAGE_NAME "SUNDIALS"
| #define PACKAGE_TARNAME "sundials"
| #define PACKAGE_VERSION "2.5.0"
| #define PACKAGE_STRING "SUNDIALS 2.5.0"
| #define PACKAGE_BUGREPORT "radu@llnl.gov"
| #define HAVE_SYS_TYPES_H 1
| #define HAVE_SYS_STAT_H 1
| #define HAVE_STDLIB_H 1
| #define HAVE_STRING_H 1
| #define HAVE_MEMORY_H 1
| #define HAVE_STRINGS_H 1
| #define HAVE_INTTYPES_H 1
| #define HAVE_STDINT_H 1
| #define HAVE_UNISTD_H 1
| #define SUNDIALS_DOUBLE_PRECISION 1
| /* end confdefs.h.  */
| #include <ac_nonexistent.h>
configure:3400: checking for C/C++ preprocessor flags
configure:3413: result: none
configure:3419: checking for linker flags
configure:3432: result: none
configure:3438: checking for extra libraries
configure:3455: result: none
configure:3463: checking for ANSI C header files
configure:3488: cc -c -g -O2  conftest.c >&5
configure:3494: $? = 0
configure:3498: test -z 
			 || test ! -s conftest.err
configure:3501: $? = 0
configure:3504: test -s conftest.o
configure:3507: $? = 0
configure:3596: cc -o conftest -g -O2   conftest.c  >&5
conftest.c: In function 'main':
conftest.c:36:7: warning: incompatible implicit declaration of built-in function 'exit' [enabled by default]
configure:3599: $? = 0
configure:3601: ./conftest
configure:3604: $? = 0
configure:3619: result: yes
configure:3636: checking for stdlib.h
configure:3641: result: yes
configure:3645: checking float.h usability
configure:3657: cc -c -g -O2  conftest.c >&5
configure:3663: $? = 0
configure:3667: test -z 
			 || test ! -s conftest.err
configure:3670: $? = 0
configure:3673: test -s conftest.o
configure:3676: $? = 0
configure:3686: result: yes
configure:3690: checking float.h presence
configure:3700: cc -E  conftest.c
configure:3706: $? = 0
configure:3726: result: yes
configure:3761: checking for float.h
configure:3768: result: yes
configure:3645: checking math.h usability
configure:3657: cc -c -g -O2  conftest.c >&5
configure:3663: $? = 0
configure:3667: test -z 
			 || test ! -s conftest.err
configure:3670: $? = 0
configure:3673: test -s conftest.o
configure:3676: $? = 0
configure:3686: result: yes
configure:3690: checking math.h presence
configure:3700: cc -E  conftest.c
configure:3706: $? = 0
configure:3726: result: yes
configure:3761: checking for math.h
configure:3768: result: yes
configure:3799: checking for abs in -lm
configure:3829: cc -o conftest -g -O2   conftest.c -lm   >&5
conftest.c:30:6: warning: conflicting types for built-in function 'abs' [enabled by default]
configure:3835: $? = 0
configure:3839: test -z 
			 || test ! -s conftest.err
configure:3842: $? = 0
configure:3845: test -s conftest
configure:3848: $? = 0
configure:3861: result: yes
configure:4341: checking for fabs in -lm
configure:4371: cc -o conftest -g -O2   conftest.c -lm   >&5
conftest.c:31:6: warning: conflicting types for built-in function 'fabs' [enabled by default]
configure:4377: $? = 0
configure:4381: test -z 
			 || test ! -s conftest.err
configure:4384: $? = 0
configure:4387: test -s conftest
configure:4390: $? = 0
configure:4403: result: yes
configure:4419: checking for pow in -lm
configure:4449: cc -o conftest -g -O2   conftest.c -lm  -lm  >&5
conftest.c:32:6: warning: conflicting types for built-in function 'pow' [enabled by default]
configure:4455: $? = 0
configure:4459: test -z 
			 || test ! -s conftest.err
configure:4462: $? = 0
configure:4465: test -s conftest
configure:4468: $? = 0
configure:4481: result: yes
configure:4497: checking for sqrt in -lm
configure:4527: cc -o conftest -g -O2   conftest.c -lm  -lm -lm  >&5
conftest.c:33:6: warning: conflicting types for built-in function 'sqrt' [enabled by default]
configure:4533: $? = 0
configure:4537: test -z 
			 || test ! -s conftest.err
configure:4540: $? = 0
configure:4543: test -s conftest
configure:4546: $? = 0
configure:4559: result: yes
configure:4837: checking for additional required C libraries
configure:4848: result: -lm 
configure:4858: checking for int
configure:4882: cc -c -g -O2  conftest.c >&5
configure:4888: $? = 0
configure:4892: test -z 
			 || test ! -s conftest.err
configure:4895: $? = 0
configure:4898: test -s conftest.o
configure:4901: $? = 0
configure:4912: result: yes
configure:4915: checking size of int
configure:5234: cc -o conftest -g -O2   conftest.c -lm  >&5
configure:5237: $? = 0
configure:5239: ./conftest
configure:5242: $? = 0
configure:5265: result: 4
configure:5274: checking for long int
configure:5298: cc -c -g -O2  conftest.c >&5
configure:5304: $? = 0
configure:5308: test -z 
			 || test ! -s conftest.err
configure:5311: $? = 0
configure:5314: test -s conftest.o
configure:5317: $? = 0
configure:5328: result: yes
configure:5331: checking size of long int
configure:5650: cc -o conftest -g -O2   conftest.c -lm  >&5
configure:5653: $? = 0
configure:5655: ./conftest
configure:5658: $? = 0
configure:5681: result: 8
configure:6107: checking for double
configure:6131: cc -c -g -O2  conftest.c >&5
configure:6137: $? = 0
configure:6141: test -z 
			 || test ! -s conftest.err
configure:6144: $? = 0
configure:6147: test -s conftest.o
configure:6150: $? = 0
configure:6161: result: yes
configure:6164: checking size of double
configure:6483: cc -o conftest -g -O2   conftest.c -lm  >&5
configure:6486: $? = 0
configure:6488: ./conftest
configure:6491: $? = 0
configure:6514: result: 8
configure:6939: checking for egrep
configure:6949: result: grep -E
configure:6956: checking for fgrep
configure:6966: result: grep -F
configure:6990: checking if cc is a C++ compiler
configure:7021: cc -o conftest -g -O2   conftest.c -lm  >&5
configure:7024: $? = 0
configure:7026: ./conftest
configure:7029: $? = 1
configure: program exited with status 1
configure: failed program was:
| /* confdefs.h.  */
| 
| #define PACKAGE_NAME "SUNDIALS"
| #define PACKAGE_TARNAME "sundials"
| #define PACKAGE_VERSION "2.5.0"
| #define PACKAGE_STRING "SUNDIALS 2.5.0"
| #define PACKAGE_BUGREPORT "radu@llnl.gov"
| #define HAVE_SYS_TYPES_H 1
| #define HAVE_SYS_STAT_H 1
| #define HAVE_STDLIB_H 1
| #define HAVE_STRING_H 1
| #define HAVE_MEMORY_H 1
| #define HAVE_STRINGS_H 1
| #define HAVE_INTTYPES_H 1
| #define HAVE_STDINT_H 1
| #define HAVE_UNISTD_H 1
| #define SUNDIALS_DOUBLE_PRECISION 1
| #define STDC_HEADERS 1
| #define HAVE_STDLIB_H 1
| #define HAVE_FLOAT_H 1
| #define HAVE_MATH_H 1
| #define HAVE_LIBM 1
| #define HAVE_LIBM 1
| #define HAVE_LIBM 1
| #define HAVE_LIBM 1
| #define SUNDIALS_USE_GENERIC_MATH 1
| #define SIZEOF_INT 4
| #define SIZEOF_LONG_INT 8
| #define SIZEOF_DOUBLE 8
| /* end confdefs.h.  */
| 
| int
| main ()
| {
| 
| #ifdef __cplusplus
|   return(0);
| #else
|   return(1);
| #endif
| 
|   ;
|   return 0;
| }
configure:7044: result: no
configure:7135: checking for f77
configure:7164: result: no
configure:7135: checking for g77
configure:7164: result: no
configure:7176: checking for Fortran 77 compiler version
configure:7179:  --version </dev/null >&5
./configure: line 7180: --version: command not found
configure:7182: $? = 127
configure:7184:  -v </dev/null >&5
./configure: line 7185: -v: command not found
configure:7187: $? = 127
configure:7189:  -V </dev/null >&5
./configure: line 7190: -V: command not found
configure:7192: $? = 127
configure:7200: checking whether we are using the GNU Fortran 77 compiler
configure:7214:  -c  conftest.F >&5
./configure: line 7215: -c: command not found
configure:7220: $? = 127
configure: failed program was:
|       program main
| #ifndef __GNUC__
|        choke me
| #endif
| 
|       end
configure:7246: result: no
configure:7252: checking whether  accepts -g
configure:7264:  -c -g conftest.f >&5
./configure: line 7265: -c: command not found
configure:7270: $? = 127
configure: failed program was:
|       program main
| 
|       end
configure:7295: result: no
configure:9642: checking if using MPI-C script
configure:9663: result: yes
configure:9681: checking if absolute path to mpicc was given
configure:9711: result: no
configure:9720: checking for mpicc
configure:9751: result: none
configure:9827: WARNING: cannot find MPI-C compiler
configure:11063: checking if we can build serial C examples
configure:11065: result: yes
configure:11067: checking if we can build parallel C examples
configure:11069: result: no
configure:11071: checking if we can build serial Fortran examples
configure:11073: result: disabled
configure:11075: checking if we can build parallel Fortran examples
configure:11077: result: disabled
configure:11089: checking where to install the SUNDIALS examples
configure:11117: result: /home/ericmjalbert/Documents/research/numerAnalysis/FindC/cvodeInstallDir/examples
configure:11212: checking for a sed that does not truncate output
configure:11268: result: /bin/sed
configure:11282: checking for ld used by cc
configure:11349: result: /usr/bin/ld
configure:11358: checking if the linker (/usr/bin/ld) is GNU ld
configure:11373: result: yes
configure:11378: checking for /usr/bin/ld option to reload object files
configure:11385: result: -r
configure:11403: checking for BSD-compatible nm
configure:11452: result: /usr/bin/nm -B
configure:11456: checking whether ln -s works
configure:11460: result: yes
configure:11467: checking how to recognise dependent libraries
configure:11643: result: pass_all
configure:11730: cc -c -g -O2  conftest.c >&5
configure:11733: $? = 0
configure:12132: checking dlfcn.h usability
configure:12144: cc -c -g -O2  conftest.c >&5
configure:12150: $? = 0
configure:12154: test -z 
			 || test ! -s conftest.err
configure:12157: $? = 0
configure:12160: test -s conftest.o
configure:12163: $? = 0
configure:12173: result: yes
configure:12177: checking dlfcn.h presence
configure:12187: cc -E  conftest.c
configure:12193: $? = 0
configure:12213: result: yes
configure:12248: checking for dlfcn.h
configure:12255: result: yes
configure:12320: checking for g++
configure:12349: result: no
configure:12320: checking for c++
configure:12349: result: no
configure:12320: checking for gpp
configure:12349: result: no
configure:12320: checking for aCC
configure:12349: result: no
configure:12320: checking for CC
configure:12349: result: no
configure:12320: checking for cxx
configure:12349: result: no
configure:12320: checking for cc++
configure:12349: result: no
configure:12320: checking for cl
configure:12349: result: no
configure:12320: checking for FCC
configure:12349: result: no
configure:12320: checking for KCC
configure:12349: result: no
configure:12320: checking for RCC
configure:12349: result: no
configure:12320: checking for xlC_r
configure:12349: result: no
configure:12320: checking for xlC
configure:12349: result: no
configure:12362: checking for C++ compiler version
configure:12365: g++ --version </dev/null >&5
./configure: line 12366: g++: command not found
configure:12368: $? = 127
configure:12370: g++ -v </dev/null >&5
./configure: line 12371: g++: command not found
configure:12373: $? = 127
configure:12375: g++ -V </dev/null >&5
./configure: line 12376: g++: command not found
configure:12378: $? = 127
configure:12381: checking whether we are using the GNU C++ compiler
configure:12405: g++ -c   conftest.cc >&5
./configure: line 12406: g++: command not found
configure:12411: $? = 127
configure: failed program was:
| /* confdefs.h.  */
| 
| #define PACKAGE_NAME "SUNDIALS"
| #define PACKAGE_TARNAME "sundials"
| #define PACKAGE_VERSION "2.5.0"
| #define PACKAGE_STRING "SUNDIALS 2.5.0"
| #define PACKAGE_BUGREPORT "radu@llnl.gov"
| #define HAVE_SYS_TYPES_H 1
| #define HAVE_SYS_STAT_H 1
| #define HAVE_STDLIB_H 1
| #define HAVE_STRING_H 1
| #define HAVE_MEMORY_H 1
| #define HAVE_STRINGS_H 1
| #define HAVE_INTTYPES_H 1
| #define HAVE_STDINT_H 1
| #define HAVE_UNISTD_H 1
| #define SUNDIALS_DOUBLE_PRECISION 1
| #define STDC_HEADERS 1
| #define HAVE_STDLIB_H 1
| #define HAVE_FLOAT_H 1
| #define HAVE_MATH_H 1
| #define HAVE_LIBM 1
| #define HAVE_LIBM 1
| #define HAVE_LIBM 1
| #define HAVE_LIBM 1
| #define SUNDIALS_USE_GENERIC_MATH 1
| #define SIZEOF_INT 4
| #define SIZEOF_LONG_INT 8
| #define SIZEOF_DOUBLE 8
| #define SUNDIALS_BLAS_LAPACK 0
| #define HAVE_DLFCN_H 1
| /* end confdefs.h.  */
| 
| int
| main ()
| {
| #ifndef __GNUC__
|        choke me
| #endif
| 
|   ;
|   return 0;
| }
configure:12437: result: no
configure:12443: checking whether g++ accepts -g
configure:12464: g++ -c -g  conftest.cc >&5
./configure: line 12465: g++: command not found
configure:12470: $? = 127
configure: failed program was:
| /* confdefs.h.  */
| 
| #define PACKAGE_NAME "SUNDIALS"
| #define PACKAGE_TARNAME "sundials"
| #define PACKAGE_VERSION "2.5.0"
| #define PACKAGE_STRING "SUNDIALS 2.5.0"
| #define PACKAGE_BUGREPORT "radu@llnl.gov"
| #define HAVE_SYS_TYPES_H 1
| #define HAVE_SYS_STAT_H 1
| #define HAVE_STDLIB_H 1
| #define HAVE_STRING_H 1
| #define HAVE_MEMORY_H 1
| #define HAVE_STRINGS_H 1
| #define HAVE_INTTYPES_H 1
| #define HAVE_STDINT_H 1
| #define HAVE_UNISTD_H 1
| #define SUNDIALS_DOUBLE_PRECISION 1
| #define STDC_HEADERS 1
| #define HAVE_STDLIB_H 1
| #define HAVE_FLOAT_H 1
| #define HAVE_MATH_H 1
| #define HAVE_LIBM 1
| #define HAVE_LIBM 1
| #define HAVE_LIBM 1
| #define HAVE_LIBM 1
| #define SUNDIALS_USE_GENERIC_MATH 1
| #define SIZEOF_INT 4
| #define SIZEOF_LONG_INT 8
| #define SIZEOF_DOUBLE 8
| #define SUNDIALS_BLAS_LAPACK 0
| #define HAVE_DLFCN_H 1
| /* end confdefs.h.  */
| 
| int
| main ()
| {
| 
|   ;
|   return 0;
| }
configure:12494: result: no
configure:12536: g++ -c   conftest.cc >&5
./configure: line 12537: g++: command not found
configure:12542: $? = 127
configure: failed program was:
| /* confdefs.h.  */
| 
| #define PACKAGE_NAME "SUNDIALS"
| #define PACKAGE_TARNAME "sundials"
| #define PACKAGE_VERSION "2.5.0"
| #define PACKAGE_STRING "SUNDIALS 2.5.0"
| #define PACKAGE_BUGREPORT "radu@llnl.gov"
| #define HAVE_SYS_TYPES_H 1
| #define HAVE_SYS_STAT_H 1
| #define HAVE_STDLIB_H 1
| #define HAVE_STRING_H 1
| #define HAVE_MEMORY_H 1
| #define HAVE_STRINGS_H 1
| #define HAVE_INTTYPES_H 1
| #define HAVE_STDINT_H 1
| #define HAVE_UNISTD_H 1
| #define SUNDIALS_DOUBLE_PRECISION 1
| #define STDC_HEADERS 1
| #define HAVE_STDLIB_H 1
| #define HAVE_FLOAT_H 1
| #define HAVE_MATH_H 1
| #define HAVE_LIBM 1
| #define HAVE_LIBM 1
| #define HAVE_LIBM 1
| #define HAVE_LIBM 1
| #define SUNDIALS_USE_GENERIC_MATH 1
| #define SIZEOF_INT 4
| #define SIZEOF_LONG_INT 8
| #define SIZEOF_DOUBLE 8
| #define SUNDIALS_BLAS_LAPACK 0
| #define HAVE_DLFCN_H 1
| /* end confdefs.h.  */
| 
| #include <stdlib.h>
| int
| main ()
| {
| exit (42);
|   ;
|   return 0;
| }
configure:12536: g++ -c   conftest.cc >&5
./configure: line 12537: g++: command not found
configure:12542: $? = 127
configure: failed program was:
| /* confdefs.h.  */
| 
| #define PACKAGE_NAME "SUNDIALS"
| #define PACKAGE_TARNAME "sundials"
| #define PACKAGE_VERSION "2.5.0"
| #define PACKAGE_STRING "SUNDIALS 2.5.0"
| #define PACKAGE_BUGREPORT "radu@llnl.gov"
| #define HAVE_SYS_TYPES_H 1
| #define HAVE_SYS_STAT_H 1
| #define HAVE_STDLIB_H 1
| #define HAVE_STRING_H 1
| #define HAVE_MEMORY_H 1
| #define HAVE_STRINGS_H 1
| #define HAVE_INTTYPES_H 1
| #define HAVE_STDINT_H 1
| #define HAVE_UNISTD_H 1
| #define SUNDIALS_DOUBLE_PRECISION 1
| #define STDC_HEADERS 1
| #define HAVE_STDLIB_H 1
| #define HAVE_FLOAT_H 1
| #define HAVE_MATH_H 1
| #define HAVE_LIBM 1
| #define HAVE_LIBM 1
| #define HAVE_LIBM 1
| #define HAVE_LIBM 1
| #define SUNDIALS_USE_GENERIC_MATH 1
| #define SIZEOF_INT 4
| #define SIZEOF_LONG_INT 8
| #define SIZEOF_DOUBLE 8
| #define SUNDIALS_BLAS_LAPACK 0
| #define HAVE_DLFCN_H 1
| /* end confdefs.h.  */
| extern "C" void std::exit (int) throw (); using std::exit;
| #include <stdlib.h>
| int
| main ()
| {
| exit (42);
|   ;
|   return 0;
| }
configure:12536: g++ -c   conftest.cc >&5
./configure: line 12537: g++: command not found
configure:12542: $? = 127
configure: failed program was:
| /* confdefs.h.  */
| 
| #define PACKAGE_NAME "SUNDIALS"
| #define PACKAGE_TARNAME "sundials"
| #define PACKAGE_VERSION "2.5.0"
| #define PACKAGE_STRING "SUNDIALS 2.5.0"
| #define PACKAGE_BUGREPORT "radu@llnl.gov"
| #define HAVE_SYS_TYPES_H 1
| #define HAVE_SYS_STAT_H 1
| #define HAVE_STDLIB_H 1
| #define HAVE_STRING_H 1
| #define HAVE_MEMORY_H 1
| #define HAVE_STRINGS_H 1
| #define HAVE_INTTYPES_H 1
| #define HAVE_STDINT_H 1
| #define HAVE_UNISTD_H 1
| #define SUNDIALS_DOUBLE_PRECISION 1
| #define STDC_HEADERS 1
| #define HAVE_STDLIB_H 1
| #define HAVE_FLOAT_H 1
| #define HAVE_MATH_H 1
| #define HAVE_LIBM 1
| #define HAVE_LIBM 1
| #define HAVE_LIBM 1
| #define HAVE_LIBM 1
| #define SUNDIALS_USE_GENERIC_MATH 1
| #define SIZEOF_INT 4
| #define SIZEOF_LONG_INT 8
| #define SIZEOF_DOUBLE 8
| #define SUNDIALS_BLAS_LAPACK 0
| #define HAVE_DLFCN_H 1
| /* end confdefs.h.  */
| extern "C" void std::exit (int); using std::exit;
| #include <stdlib.h>
| int
| main ()
| {
| exit (42);
|   ;
|   return 0;
| }
configure:12536: g++ -c   conftest.cc >&5
./configure: line 12537: g++: command not found
configure:12542: $? = 127
configure: failed program was:
| /* confdefs.h.  */
| 
| #define PACKAGE_NAME "SUNDIALS"
| #define PACKAGE_TARNAME "sundials"
| #define PACKAGE_VERSION "2.5.0"
| #define PACKAGE_STRING "SUNDIALS 2.5.0"
| #define PACKAGE_BUGREPORT "radu@llnl.gov"
| #define HAVE_SYS_TYPES_H 1
| #define HAVE_SYS_STAT_H 1
| #define HAVE_STDLIB_H 1
| #define HAVE_STRING_H 1
| #define HAVE_MEMORY_H 1
| #define HAVE_STRINGS_H 1
| #define HAVE_INTTYPES_H 1
| #define HAVE_STDINT_H 1
| #define HAVE_UNISTD_H 1
| #define SUNDIALS_DOUBLE_PRECISION 1
| #define STDC_HEADERS 1
| #define HAVE_STDLIB_H 1
| #define HAVE_FLOAT_H 1
| #define HAVE_MATH_H 1
| #define HAVE_LIBM 1
| #define HAVE_LIBM 1
| #define HAVE_LIBM 1
| #define HAVE_LIBM 1
| #define SUNDIALS_USE_GENERIC_MATH 1
| #define SIZEOF_INT 4
| #define SIZEOF_LONG_INT 8
| #define SIZEOF_DOUBLE 8
| #define SUNDIALS_BLAS_LAPACK 0
| #define HAVE_DLFCN_H 1
| /* end confdefs.h.  */
| extern "C" void exit (int) throw ();
| #include <stdlib.h>
| int
| main ()
| {
| exit (42);
|   ;
|   return 0;
| }
configure:12536: g++ -c   conftest.cc >&5
./configure: line 12537: g++: command not found
configure:12542: $? = 127
configure: failed program was:
| /* confdefs.h.  */
| 
| #define PACKAGE_NAME "SUNDIALS"
| #define PACKAGE_TARNAME "sundials"
| #define PACKAGE_VERSION "2.5.0"
| #define PACKAGE_STRING "SUNDIALS 2.5.0"
| #define PACKAGE_BUGREPORT "radu@llnl.gov"
| #define HAVE_SYS_TYPES_H 1
| #define HAVE_SYS_STAT_H 1
| #define HAVE_STDLIB_H 1
| #define HAVE_STRING_H 1
| #define HAVE_MEMORY_H 1
| #define HAVE_STRINGS_H 1
| #define HAVE_INTTYPES_H 1
| #define HAVE_STDINT_H 1
| #define HAVE_UNISTD_H 1
| #define SUNDIALS_DOUBLE_PRECISION 1
| #define STDC_HEADERS 1
| #define HAVE_STDLIB_H 1
| #define HAVE_FLOAT_H 1
| #define HAVE_MATH_H 1
| #define HAVE_LIBM 1
| #define HAVE_LIBM 1
| #define HAVE_LIBM 1
| #define HAVE_LIBM 1
| #define SUNDIALS_USE_GENERIC_MATH 1
| #define SIZEOF_INT 4
| #define SIZEOF_LONG_INT 8
| #define SIZEOF_DOUBLE 8
| #define SUNDIALS_BLAS_LAPACK 0
| #define HAVE_DLFCN_H 1
| /* end confdefs.h.  */
| extern "C" void exit (int);
| #include <stdlib.h>
| int
| main ()
| {
| exit (42);
|   ;
|   return 0;
| }
configure:12536: g++ -c   conftest.cc >&5
./configure: line 12537: g++: command not found
configure:12542: $? = 127
configure: failed program was:
| /* confdefs.h.  */
| 
| #define PACKAGE_NAME "SUNDIALS"
| #define PACKAGE_TARNAME "sundials"
| #define PACKAGE_VERSION "2.5.0"
| #define PACKAGE_STRING "SUNDIALS 2.5.0"
| #define PACKAGE_BUGREPORT "radu@llnl.gov"
| #define HAVE_SYS_TYPES_H 1
| #define HAVE_SYS_STAT_H 1
| #define HAVE_STDLIB_H 1
| #define HAVE_STRING_H 1
| #define HAVE_MEMORY_H 1
| #define HAVE_STRINGS_H 1
| #define HAVE_INTTYPES_H 1
| #define HAVE_STDINT_H 1
| #define HAVE_UNISTD_H 1
| #define SUNDIALS_DOUBLE_PRECISION 1
| #define STDC_HEADERS 1
| #define HAVE_STDLIB_H 1
| #define HAVE_FLOAT_H 1
| #define HAVE_MATH_H 1
| #define HAVE_LIBM 1
| #define HAVE_LIBM 1
| #define HAVE_LIBM 1
| #define HAVE_LIBM 1
| #define SUNDIALS_USE_GENERIC_MATH 1
| #define SIZEOF_INT 4
| #define SIZEOF_LONG_INT 8
| #define SIZEOF_DOUBLE 8
| #define SUNDIALS_BLAS_LAPACK 0
| #define HAVE_DLFCN_H 1
| /* end confdefs.h.  */
| void exit (int);
| #include <stdlib.h>
| int
| main ()
| {
| exit (42);
|   ;
|   return 0;
| }
configure:12865: checking the maximum length of command line arguments
configure:12974: result: 32768
configure:12985: checking command to parse /usr/bin/nm -B output from cc object
configure:13090: g++ -c   conftest.cc >&5
./configure: line 13091: g++: command not found
configure:13093: $? = 127
: failed program was:
#ifdef __cplusplus
extern "C" {
#endif
char nm_test_var;
void nm_test_func(){}
#ifdef __cplusplus
}
#endif
int main(){nm_test_var='a';nm_test_func();return(0);}
configure:13090: g++ -c   conftest.cc >&5
./configure: line 13091: g++: command not found
configure:13093: $? = 127
: failed program was:
#ifdef __cplusplus
extern "C" {
#endif
char nm_test_var;
void nm_test_func(){}
#ifdef __cplusplus
}
#endif
int main(){nm_test_var='a';nm_test_func();return(0);}
configure:13190: result: failed
configure:13197: checking for objdir
configure:13212: result: .libs
configure:13302: checking for ar
configure:13318: found /usr/bin/ar
configure:13329: result: ar
configure:13382: checking for ranlib
configure:13398: found /usr/bin/ranlib
configure:13409: result: ranlib
configure:13462: checking for strip
configure:13478: found /usr/bin/strip
configure:13489: result: strip
configure:13762: checking if cc supports -fno-rtti -fno-exceptions
configure:13780: cc -c -g -O2  -fno-rtti -fno-exceptions conftest.c >&5
cc1: warning: command line option '-fno-rtti' is valid for C++/ObjC++ but not for C [enabled by default]
configure:13784: $? = 0
configure:13797: result: no
configure:13812: checking for cc option to produce PIC
configure:14022: result: -fPIC
configure:14030: checking if cc PIC flag -fPIC works
configure:14048: cc -c -g -O2  -fPIC -DPIC conftest.c >&5
configure:14052: $? = 0
configure:14065: result: yes
configure:14093: checking if cc static flag -static works
configure:14121: result: yes
configure:14131: checking if cc supports -c -o file.o
configure:14152: cc -c -g -O2  -o out/conftest2.o conftest.c >&5
configure:14156: $? = 0
configure:14178: result: yes
configure:14204: checking whether the cc linker (/usr/bin/ld -m elf_x86_64) supports shared libraries
configure:15162: result: yes
configure:15229: checking dynamic linker characteristics
configure:15622: cc -c -g -O2  conftest.c >&5
configure:15625: $? = 0
configure:15838: result: GNU/Linux ld.so
configure:15847: checking how to hardcode library paths into programs
configure:15872: result: immediate
configure:15886: checking whether stripping libraries is possible
configure:15891: result: yes
configure:16725: checking if libtool supports shared libraries
configure:16727: result: yes
configure:16730: checking whether to build shared libraries
configure:16751: result: no
configure:16754: checking whether to build static libraries
configure:16758: result: yes
configure:16850: creating libtool
configure:26659: creating ./config.status

## ---------------------- ##
## Running config.status. ##
## ---------------------- ##

This file was extended by SUNDIALS config.status 2.5.0, which was
generated by GNU Autoconf 2.59.  Invocation command line was

  CONFIG_FILES    = 
  CONFIG_HEADERS  = 
  CONFIG_LINKS    = 
  CONFIG_COMMANDS = 
  $ ./config.status 

on thinkpad

config.status:747: creating Makefile
config.status:747: creating src/sundials/Makefile
config.status:747: creating src/nvec_ser/Makefile
config.status:747: creating src/cvode/Makefile
config.status:747: creating examples/cvode/serial/Makefile
config.status:747: creating examples/cvode/serial/Makefile_ex
config.status:747: creating include/sundials/sundials_config.h
config.status:747: creating bin/sundials-config
config.status:747: creating bin/makefile-update.sh
config.status:851: creating config.h
config.status:1133: executing postprocessing commands
config.status:1133: executing cvode_ser_ex commands

## ---------------- ##
## Cache variables. ##
## ---------------- ##

ac_cv_build=x86_64-unknown-linux-gnu
ac_cv_build_alias=x86_64-unknown-linux-gnu
ac_cv_c_compiler_gnu=yes
ac_cv_cxx_compiler_gnu=no
ac_cv_env_CC_set=
ac_cv_env_CC_value=
ac_cv_env_CFLAGS_set=
ac_cv_env_CFLAGS_value=
ac_cv_env_CPPFLAGS_set=
ac_cv_env_CPPFLAGS_value=
ac_cv_env_CPP_set=
ac_cv_env_CPP_value=
ac_cv_env_CXXCPP_set=
ac_cv_env_CXXCPP_value=
ac_cv_env_CXXFLAGS_set=
ac_cv_env_CXXFLAGS_value=
ac_cv_env_CXX_set=
ac_cv_env_CXX_value=
ac_cv_env_F77_set=
ac_cv_env_F77_value=
ac_cv_env_FFLAGS_set=
ac_cv_env_FFLAGS_value=
ac_cv_env_LDFLAGS_set=
ac_cv_env_LDFLAGS_value=
ac_cv_env_build_alias_set=
ac_cv_env_build_alias_value=
ac_cv_env_host_alias_set=
ac_cv_env_host_alias_value=
ac_cv_env_target_alias_set=
ac_cv_env_target_alias_value=
ac_cv_exeext=
ac_cv_f77_compiler_gnu=no
ac_cv_header_dlfcn_h=yes
ac_cv_header_float_h=yes
ac_cv_header_inttypes_h=yes
ac_cv_header_math_h=yes
ac_cv_header_memory_h=yes
ac_cv_header_stdc=yes
ac_cv_header_stdint_h=yes
ac_cv_header_stdlib_h=yes
ac_cv_header_string_h=yes
ac_cv_header_strings_h=yes
ac_cv_header_sys_stat_h=yes
ac_cv_header_sys_types_h=yes
ac_cv_header_unistd_h=yes
ac_cv_host=x86_64-unknown-linux-gnu
ac_cv_host_alias=x86_64-unknown-linux-gnu
ac_cv_lib_m_abs=yes
ac_cv_lib_m_fabs=yes
ac_cv_lib_m_pow=yes
ac_cv_lib_m_sqrt=yes
ac_cv_objext=o
ac_cv_path_MPICC_COMP=none
ac_cv_path_install='/usr/bin/install -c'
ac_cv_prog_CPP='cc -E'
ac_cv_prog_ac_ct_AR=ar
ac_cv_prog_ac_ct_CC=cc
ac_cv_prog_ac_ct_RANLIB=ranlib
ac_cv_prog_ac_ct_STRIP=strip
ac_cv_prog_cc_g=yes
ac_cv_prog_cc_stdc=
ac_cv_prog_cxx_g=no
ac_cv_prog_egrep='grep -E'
ac_cv_prog_f77_g=no
ac_cv_prog_fgrep='grep -F'
ac_cv_prog_make_make_set=yes
ac_cv_sizeof_double=8
ac_cv_sizeof_int=4
ac_cv_sizeof_long_int=8
ac_cv_type_double=yes
ac_cv_type_int=yes
ac_cv_type_long_int=yes
lt_cv_deplibs_check_method=pass_all
lt_cv_file_magic_cmd='$MAGIC_CMD'
lt_cv_file_magic_test_file=
lt_cv_ld_reload_flag=-r
lt_cv_objdir=.libs
lt_cv_path_LD=/usr/bin/ld
lt_cv_path_NM='/usr/bin/nm -B'
lt_cv_path_SED=/bin/sed
lt_cv_prog_compiler_c_o=yes
lt_cv_prog_compiler_rtti_exceptions=no
lt_cv_prog_gnu_ld=yes
lt_cv_sys_global_symbol_pipe=
lt_cv_sys_global_symbol_to_c_name_address='sed -n -e '\''s/^: \([^ ]*\) $/  {\"\1\", (lt_ptr) 0},/p'\'' -e '\''s/^[BCDEGRST] \([^ ]*\) \([^ ]*\)$/  {"\2", (lt_ptr) \&\2},/p'\'''
lt_cv_sys_global_symbol_to_cdecl=
lt_cv_sys_max_cmd_len=32768
lt_lt_cv_prog_compiler_c_o='"yes"'
lt_lt_cv_sys_global_symbol_pipe='""'
lt_lt_cv_sys_global_symbol_to_c_name_address='"sed -n -e '\''s/^: \\([^ ]*\\) \$/  {\\\"\\1\\\", (lt_ptr) 0},/p'\'' -e '\''s/^[BCDEGRST] \\([^ ]*\\) \\([^ ]*\\)\$/  {\"\\2\", (lt_ptr) \\&\\2},/p'\''"'
lt_lt_cv_sys_global_symbol_to_cdecl='""'

## ----------------- ##
## Output variables. ##
## ----------------- ##

AR='ar'
AS='as'
BLAS_LAPACK_LIBS=''
BLAS_LAPACK_MACRO='#define SUNDIALS_BLAS_LAPACK 0'
CC='cc'
CFLAGS='-g -O2'
CPP='cc -E'
CPPFLAGS=''
CXX='g++'
CXXCPP=''
CXXFLAGS=''
DEFS='-DHAVE_CONFIG_H'
DLLTOOL='dlltool'
ECHO='echo'
ECHO_C=''
ECHO_N='-n'
ECHO_T=''
EGREP='grep -E'
EXEEXT=''
EXS_INSTDIR='/home/ericmjalbert/Documents/research/numerAnalysis/FindC/cvodeInstallDir/examples'
EXS_MODULES=' examples/cvode/serial'
F77=''
F77_CASE=''
F77_LDFLAGS=' '
F77_LIBS=' -lm '
F77_LNKR=''
F77_MANGLE_MACRO1=''
F77_MANGLE_MACRO2=''
F77_MPI_COMM_F2C=''
F77_UNDERSCORES=''
FCMIX_ENABLED='no'
FFLAGS=''
FGREP='grep -F'
FLIBS=''
FLOAT_TYPE='double'
GENERIC_MATH_LIB='#define SUNDIALS_USE_GENERIC_MATH'
INSTALL_DATA='${INSTALL} -m 644'
INSTALL_PROGRAM='${INSTALL}'
INSTALL_SCRIPT='${INSTALL}'
LAPACK_ENABLED='no'
LDFLAGS=''
LIBOBJS=''
LIBS='-lm '
LIBTOOL='$(SHELL) $(top_builddir)/libtool'
LIBTOOL_DEPS='config/ltmain.sh'
LN_S='ln -s'
LTLIBOBJS=''
MPICC=''
MPICC_COMP=''
MPIF77=''
MPIF77_COMP=''
MPIF77_LNKR=''
MPI_FLAGS=''
MPI_INC_DIR=''
MPI_LIBS=''
MPI_LIB_DIR=''
OBJDUMP='objdump'
OBJEXT='.lo'
PACKAGE_BUGREPORT='radu@llnl.gov'
PACKAGE_NAME='SUNDIALS'
PACKAGE_STRING='SUNDIALS 2.5.0'
PACKAGE_TARNAME='sundials'
PACKAGE_VERSION='2.5.0'
PATH_SEPARATOR=':'
PRECISION_LEVEL='#define SUNDIALS_DOUBLE_PRECISION 1'
RANLIB='ranlib'
SED='/bin/sed'
SET_MAKE=''
SHARED_LIBS='no'
SHELL='/bin/bash'
SLV_MODULES='src/sundials src/nvec_ser src/cvode'
STRIP='strip'
SUNDIALS_EXPORT='#define SUNDIALS_EXPORT'
ac_ct_AR='ar'
ac_ct_AS=''
ac_ct_CC='cc'
ac_ct_CXX='g++'
ac_ct_DLLTOOL=''
ac_ct_F77=''
ac_ct_OBJDUMP=''
ac_ct_RANLIB='ranlib'
ac_ct_STRIP='strip'
bindir='${exec_prefix}/bin'
build='x86_64-unknown-linux-gnu'
build_alias=''
build_cpu='x86_64'
build_os='linux-gnu'
build_vendor='unknown'
datadir='${prefix}/share'
exec_prefix='${prefix}'
host='x86_64-unknown-linux-gnu'
host_alias=''
host_cpu='x86_64'
host_os='linux-gnu'
host_vendor='unknown'
includedir='${prefix}/include'
infodir='${prefix}/info'
libdir='${exec_prefix}/lib'
libexecdir='${exec_prefix}/libexec'
localstatedir='${prefix}/var'
mandir='${prefix}/man'
oldincludedir='/usr/include'
prefix='/home/ericmjalbert/Documents/research/numerAnalysis/FindC/cvodeInstallDir'
program_transform_name='s,x,x,'
sbindir='${exec_prefix}/sbin'
sharedstatedir='${prefix}/com'
sysconfdir='${prefix}/etc'
target_alias=''

## ----------- ##
## confdefs.h. ##
## ----------- ##

#define HAVE_DLFCN_H 1
#define HAVE_FLOAT_H 1
#define HAVE_INTTYPES_H 1
#define HAVE_LIBM 1
#define HAVE_LIBM 1
#define HAVE_LIBM 1
#define HAVE_LIBM 1
#define HAVE_MATH_H 1
#define HAVE_MEMORY_H 1
#define HAVE_STDINT_H 1
#define HAVE_STDLIB_H 1
#define HAVE_STDLIB_H 1
#define HAVE_STRINGS_H 1
#define HAVE_STRING_H 1
#define HAVE_SYS_STAT_H 1
#define HAVE_SYS_TYPES_H 1
#define HAVE_UNISTD_H 1
#define PACKAGE_BUGREPORT "radu@llnl.gov"
#define PACKAGE_NAME "SUNDIALS"
#define PACKAGE_STRING "SUNDIALS 2.5.0"
#define PACKAGE_TARNAME "sundials"
#define PACKAGE_VERSION "2.5.0"
#define SIZEOF_DOUBLE 8
#define SIZEOF_INT 4
#define SIZEOF_LONG_INT 8
#define STDC_HEADERS 1
#define SUNDIALS_BLAS_LAPACK 0
#define SUNDIALS_DOUBLE_PRECISION 1
#define SUNDIALS_USE_GENERIC_MATH 1
#endif
#ifdef __cplusplus
void exit (int);

configure: exit 0
