This is pdfTeX, Version 3.1415926-1.40.10 (TeX Live 2009/Debian) (format=pdflatex 2012.7.22)  13 JUN 2013 18:55
entering extended mode
 %&-line parsing enabled.
**regPhaseReport.tex
(./regPhaseReport.tex
LaTeX2e <2009/09/24>
Babel <v3.8l> and hyphenation patterns for english, usenglishmax, dumylang, noh
yphenation, farsi, arabic, croatian, bulgarian, ukrainian, russian, czech, slov
ak, danish, dutch, finnish, french, basque, ngerman, german, german-x-2009-06-1
9, ngerman-x-2009-06-19, ibycus, monogreek, greek, ancientgreek, hungarian, san
skrit, italian, latin, latvian, lithuanian, mongolian2a, mongolian, bokmal, nyn
orsk, romanian, irish, coptic, serbian, turkish, welsh, esperanto, uppersorbian
, estonian, indonesian, interlingua, icelandic, kurmanji, slovenian, polish, po
rtuguese, spanish, galician, catalan, swedish, ukenglish, pinyin, loaded.
(/usr/share/texmf-texlive/tex/latex/base/article.cls
Document Class: article 2007/10/19 v1.4h Standard LaTeX document class
(/usr/share/texmf-texlive/tex/latex/base/size10.clo
File: size10.clo 2007/10/19 v1.4h Standard LaTeX file (size option)
)
\c@part=\count79
\c@section=\count80
\c@subsection=\count81
\c@subsubsection=\count82
\c@paragraph=\count83
\c@subparagraph=\count84
\c@figure=\count85
\c@table=\count86
\abovecaptionskip=\skip41
\belowcaptionskip=\skip42
\bibindent=\dimen102
)
(/usr/share/texmf-texlive/tex/latex/geometry/geometry.sty
Package: geometry 2008/12/21 v4.2 Page Geometry

(/usr/share/texmf-texlive/tex/latex/graphics/keyval.sty
Package: keyval 1999/03/16 v1.13 key=value parser (DPC)
\KV@toks@=\toks14
)
(/usr/share/texmf-texlive/tex/generic/oberdiek/ifpdf.sty
Package: ifpdf 2009/04/10 v2.0 Provides the ifpdf switch (HO)
Package ifpdf Info: pdfTeX in pdf mode detected.
)
(/usr/share/texmf-texlive/tex/generic/oberdiek/ifvtex.sty
Package: ifvtex 2008/11/04 v1.4 Switches for detecting VTeX and its modes (HO)
Package ifvtex Info: VTeX not detected.
)
\Gm@cnth=\count87
\Gm@cntv=\count88
\c@Gm@tempcnt=\count89
\Gm@bindingoffset=\dimen103
\Gm@wd@mp=\dimen104
\Gm@odd@mp=\dimen105
\Gm@even@mp=\dimen106
\Gm@dimlist=\toks15

(/usr/share/texmf-texlive/tex/xelatex/xetexconfig/geometry.cfg))
! Missing number, treated as zero.
<to be read again> 
                   m
l.3 \usepackage{geometry}[margin = 0.5in]
                                         
? 
(/usr/share/texmf-texlive/tex/latex/graphics/graphicx.sty
Package: graphicx 1999/02/16 v1.0f Enhanced LaTeX Graphics (DPC,SPQR)

(/usr/share/texmf-texlive/tex/latex/graphics/graphics.sty
Package: graphics 2009/02/05 v1.0o Standard LaTeX Graphics (DPC,SPQR)

(/usr/share/texmf-texlive/tex/latex/graphics/trig.sty
Package: trig 1999/03/16 v1.09 sin cos tan (DPC)
)
(/etc/texmf/tex/latex/config/graphics.cfg
File: graphics.cfg 2009/08/28 v1.8 graphics configuration of TeX Live
)
Package graphics Info: Driver file: pdftex.def on input line 91.

(/usr/share/texmf-texlive/tex/latex/pdftex-def/pdftex.def
File: pdftex.def 2010/03/12 v0.04p Graphics/color for pdfTeX
\Gread@gobject=\count90
))
\Gin@req@height=\dimen107
\Gin@req@width=\dimen108
)
(./regPhaseReport.aux)
\openout1 = `regPhaseReport.aux'.

LaTeX Font Info:    Checking defaults for OML/cmm/m/it on input line 6.
LaTeX Font Info:    ... okay on input line 6.
LaTeX Font Info:    Checking defaults for T1/cmr/m/n on input line 6.
LaTeX Font Info:    ... okay on input line 6.
LaTeX Font Info:    Checking defaults for OT1/cmr/m/n on input line 6.
LaTeX Font Info:    ... okay on input line 6.
LaTeX Font Info:    Checking defaults for OMS/cmsy/m/n on input line 6.
LaTeX Font Info:    ... okay on input line 6.
LaTeX Font Info:    Checking defaults for OMX/cmex/m/n on input line 6.
LaTeX Font Info:    ... okay on input line 6.
LaTeX Font Info:    Checking defaults for U/cmr/m/n on input line 6.
LaTeX Font Info:    ... okay on input line 6.

*geometry auto-detecting driver*
*geometry detected driver: pdftex*
-------------------- Geometry parameters
paper: class default
landscape: --
twocolumn: --
twoside: --
asymmetric: --
h-parts: 92.14519pt, 0.7\paperwidth , 92.14519pt (default)
v-parts: 95.39737pt, 0.7\paperheight , 143.09605pt (default)
hmarginratio: 1:1
vmarginratio: 2:3
lines: --
heightrounded: --
bindingoffset: 0.0pt
truedimen: --
includehead: --
includefoot: --
includemp: --
driver: pdftex
-------------------- Page layout dimensions and switches
\paperwidth  614.295pt
\paperheight 794.96999pt
\textwidth  430.00462pt
\textheight 556.47656pt
\oddsidemargin  19.8752pt
\evensidemargin 19.8752pt
\topmargin  -13.87262pt
\headheight 12.0pt
\headsep    25.0pt
\footskip   30.0pt
\marginparwidth 65.0pt
\marginparsep   11.0pt
\columnsep  10.0pt
\skip\footins  9.0pt plus 4.0pt minus 2.0pt
\hoffset 0.0pt
\voffset 0.0pt
\mag 1000

(1in=72.27pt, 1cm=28.45pt)
-----------------------
(/usr/share/texmf-texlive/tex/context/base/supp-pdf.mkii
[Loading MPS to PDF converter (version 2006.09.02).]
\scratchcounter=\count91
\scratchdimen=\dimen109
\scratchbox=\box26
\nofMPsegments=\count92
\nofMParguments=\count93
\everyMPshowfont=\toks16
\MPscratchCnt=\count94
\MPscratchDim=\dimen110
\MPnumerator=\count95
\everyMPtoPDFconversion=\toks17
)
LaTeX Font Info:    External font `cmex10' loaded for size
(Font)              <7> on input line 11.
LaTeX Font Info:    External font `cmex10' loaded for size
(Font)              <5> on input line 11.


pdfTeX warning: pdflatex (file ./regPhasePlane_epsilon10e-1.pdf): PDF inclusion
: found PDF version <1.5>, but at most version <1.4> allowed
<regPhasePlane_epsilon10e-1.pdf, id=1, 361.35pt x 216.81pt>
File: regPhasePlane_epsilon10e-1.pdf Graphic file (type pdf)

<use regPhasePlane_epsilon10e-1.pdf>

pdfTeX warning: pdflatex (file ./regPhasePlaneZoomed_epsilon10e-1.pdf): PDF inc
lusion: found PDF version <1.5>, but at most version <1.4> allowed
<regPhasePlaneZoomed_epsilon10e-1.pdf, id=3, 361.35pt x 216.81pt>
File: regPhasePlaneZoomed_epsilon10e-1.pdf Graphic file (type pdf)

<use regPhasePlaneZoomed_epsilon10e-1.pdf>

pdfTeX warning: pdflatex (file ./regPhasePlane_epsilon10e-3.pdf): PDF inclusion
: found PDF version <1.5>, but at most version <1.4> allowed
<regPhasePlane_epsilon10e-3.pdf, id=5, 361.35pt x 216.81pt>
File: regPhasePlane_epsilon10e-3.pdf Graphic file (type pdf)

<use regPhasePlane_epsilon10e-3.pdf>

pdfTeX warning: pdflatex (file ./regPhasePlaneZoomed_epsilon10e-3.pdf): PDF inc
lusion: found PDF version <1.5>, but at most version <1.4> allowed
<regPhasePlaneZoomed_epsilon10e-3.pdf, id=7, 361.35pt x 216.81pt>
File: regPhasePlaneZoomed_epsilon10e-3.pdf Graphic file (type pdf)

<use regPhasePlaneZoomed_epsilon10e-3.pdf>

pdfTeX warning: pdflatex (file ./regPhasePlane_epsilon10e-5.pdf): PDF inclusion
: found PDF version <1.5>, but at most version <1.4> allowed
<regPhasePlane_epsilon10e-5.pdf, id=9, 361.35pt x 216.81pt>
File: regPhasePlane_epsilon10e-5.pdf Graphic file (type pdf)

<use regPhasePlane_epsilon10e-5.pdf>

pdfTeX warning: pdflatex (file ./regPhasePlaneZoomed_epsilon10e-5.pdf): PDF inc
lusion: found PDF version <1.5>, but at most version <1.4> allowed
<regPhasePlaneZoomed_epsilon10e-5.pdf, id=11, 361.35pt x 216.81pt>
File: regPhasePlaneZoomed_epsilon10e-5.pdf Graphic file (type pdf)

<use regPhasePlaneZoomed_epsilon10e-5.pdf>
! Argument of \@caption has an extra }.
<inserted text> 
                \par 
l.28 ...ave and the blue line is the V-Nullcline.}
                                                  
? 
Runaway argument?
\@captype {\@firstoftwo {\nobreak \@xcentercr }}\def \reserved@b {\@xcentercr \
ETC.
! Paragraph ended before \@caption was complete.
<to be read again> 
                   \par 
l.28 ...ave and the blue line is the V-Nullcline.}
                                                  
? 
[1

{/var/lib/texmf/fonts/map/pdftex/updmap/pdftex.map} <./regPhasePlane_epsilon10e
-1.pdf> <./regPhasePlaneZoomed_epsilon10e-1.pdf> <./regPhasePlane_epsilon10e-3.
pdf> <./regPhasePlaneZoomed_epsilon10e-3.pdf> <./regPhasePlane_epsilon10e-5.pdf
> <./regPhasePlaneZoomed_epsilon10e-5.pdf>] (./regPhaseReport.aux) ) 
Here is how much of TeX's memory you used:
 1306 strings out of 493848
 18094 string characters out of 1152823
 70171 words of memory out of 3000000
 4620 multiletter control sequences out of 15000+50000
 4245 words of font info for 16 fonts, out of 3000000 for 9000
 714 hyphenation exceptions out of 8191
 25i,12n,19p,573b,323s stack positions out of 5000i,500n,10000p,200000b,50000s
</usr/share
/texmf-texlive/fonts/type1/public/amsfonts/cm/cmbx12.pfb></usr/share/texmf-texl
ive/fonts/type1/public/amsfonts/cm/cmmi10.pfb></usr/share/texmf-texlive/fonts/t
ype1/public/amsfonts/cm/cmr10.pfb></usr/share/texmf-texlive/fonts/type1/public/
amsfonts/cm/cmr7.pfb></usr/share/texmf-texlive/fonts/type1/public/amsfonts/cm/c
msy7.pfb>
Output written on regPhaseReport.pdf (1 page, 562339 bytes).
PDF statistics:
 86 PDF objects out of 1000 (max. 8388607)
 0 named destinations out of 1000 (max. 500000)
 31 words of extra memory for PDF output out of 10000 (max. 10000000)

